<?xml version="1.0" encoding="utf-8" standalone="no"?>
<!--This file represents the results of running a test suite-->
<test-results name="D:\testcode\CompleteApplication\Vers3.UnitTests\bin\Debug\Vers3.UnitTests.dll" total="38" errors="0" failures="0" not-run="0" inconclusive="0" ignored="0" skipped="0" invalid="0" date="2014-04-01" time="12:03:36">
  <environment nunit-version="2.6.3.13283" clr-version="2.0.50727.5477" os-version="Microsoft Windows NT 6.1.7601 Service Pack 1" platform="Win32NT" cwd="D:\Program Files\NUnit 2.6.3\bin" machine-name="SPEEDMAN" user="User" user-domain="SPEEDMAN" />
  <culture-info current-culture="en-MY" current-uiculture="en-US" />
  <test-suite type="Assembly" name="D:\testcode\CompleteApplication\Vers3.UnitTests\bin\Debug\Vers3.UnitTests.dll" executed="True" result="Success" success="True" time="0.095" asserts="0">
    <results>
      <test-suite type="Namespace" name="Vers3" executed="True" result="Success" success="True" time="0.090" asserts="0">
        <results>
          <test-suite type="Namespace" name="UnitTests" executed="True" result="Success" success="True" time="0.090" asserts="0">
            <results>
              <test-suite type="TestFixture" name="GradingSchemeUnitTests" executed="True" result="Success" success="True" time="0.019" asserts="0">
                <results>
                  <test-case name="Vers3.UnitTests.GradingSchemeUnitTests.GradingScheme_ArgumentsNull_Exception" executed="True" result="Success" success="True" time="0.007" asserts="0" />
                  <test-case name="Vers3.UnitTests.GradingSchemeUnitTests.GradingScheme_NoArgumentConstructor" executed="True" result="Success" success="True" time="0.000" asserts="0" />
                  <test-case name="Vers3.UnitTests.GradingSchemeUnitTests.GradingScheme_PassArraysOfDifferentLengths1_Exception" executed="True" result="Success" success="True" time="0.001" asserts="0" />
                  <test-case name="Vers3.UnitTests.GradingSchemeUnitTests.GradingScheme_PassArraysOfDifferentLengths2_Exception" executed="True" result="Success" success="True" time="0.000" asserts="0" />
                  <test-case name="Vers3.UnitTests.GradingSchemeUnitTests.GradingScheme_PassGradeRangesArrayInAscendingOrder" executed="True" result="Success" success="True" time="0.000" asserts="0" />
                  <test-case name="Vers3.UnitTests.GradingSchemeUnitTests.GradingScheme_PassGradeRangesArrayNotInAscendingOrder_Exception" executed="True" result="Success" success="True" time="0.000" asserts="0" />
                </results>
              </test-suite>
              <test-suite type="TestFixture" name="StudyUnitTests" executed="True" result="Success" success="True" time="0.044" asserts="0">
                <results>
                  <test-case name="Vers3.UnitTests.StudyUnitTests.CheckAllUnitCodesUnique_TestWith2SameUnitCodes_1ErrorMessage" executed="True" result="Success" success="True" time="0.004" asserts="0" />
                  <test-case name="Vers3.UnitTests.StudyUnitTests.CheckAllUnitCodesUnique_TestWith2TypesOfRepeatedSameUnitCodes_2ErrorMessages" executed="True" result="Success" success="True" time="0.000" asserts="0" />
                  <test-case name="Vers3.UnitTests.StudyUnitTests.CheckAllUnitCodesUnique_TestWith2TypesOfSameUnitCodes_2ErrorMessages" executed="True" result="Success" success="True" time="0.000" asserts="0" />
                  <test-case name="Vers3.UnitTests.StudyUnitTests.CheckAllUnitCodesUnique_TestWith3TypesOfSameUnitCodes_3ErrorMessages" executed="True" result="Success" success="True" time="0.000" asserts="0" />
                  <test-case name="Vers3.UnitTests.StudyUnitTests.CheckAllUnitCodesUnique_TestWith4SameUnitCodes_1ErrorMessage" executed="True" result="Success" success="True" time="0.000" asserts="0" />
                  <test-case name="Vers3.UnitTests.StudyUnitTests.CheckAllUnitCodesUnique_TestWithEmptyList_NoErrorMessage" executed="True" result="Success" success="True" time="0.000" asserts="0" />
                  <test-case name="Vers3.UnitTests.StudyUnitTests.CheckAllUnitCodesUnique_TestWithNullList_ErrorMessage" executed="True" result="Success" success="True" time="0.000" asserts="0" />
                  <test-case name="Vers3.UnitTests.StudyUnitTests.CheckAllUnitCodesUnique_TestWithOneUnitCode_NoErrorMessage" executed="True" result="Success" success="True" time="0.000" asserts="0" />
                  <test-case name="Vers3.UnitTests.StudyUnitTests.CheckAllUnitCodesUnique_TestWithThreeUniqueUnitCodes_NoErrorMessage" executed="True" result="Success" success="True" time="0.000" asserts="0" />
                  <test-case name="Vers3.UnitTests.StudyUnitTests.CheckPrerequisitesCorrect_NoPrerequisites_NoException" executed="True" result="Success" success="True" time="0.001" asserts="0" />
                  <test-case name="Vers3.UnitTests.StudyUnitTests.CheckPrerequisitesCorrect_OnePrerequisiteIdentical_Exception" executed="True" result="Success" success="True" time="0.001" asserts="0" />
                  <test-case name="Vers3.UnitTests.StudyUnitTests.CheckPrerequisitesCorrect_OnePrerequisiteSatisfied_NoException" executed="True" result="Success" success="True" time="0.000" asserts="0" />
                  <test-case name="Vers3.UnitTests.StudyUnitTests.CheckPrerequisitesCorrect_PrerequisiteNotSatisfiedForListOne_Exception" executed="True" result="Success" success="True" time="0.001" asserts="0" />
                  <test-case name="Vers3.UnitTests.StudyUnitTests.CheckPrerequisitesCorrect_PrerequisiteNotSatisfiedForListTwo_Exception" executed="True" result="Success" success="True" time="0.001" asserts="0" />
                  <test-case name="Vers3.UnitTests.StudyUnitTests.CheckPrerequisitesCorrect_TestWithEmptyList_NoErrorMessage" executed="True" result="Success" success="True" time="0.000" asserts="0" />
                  <test-case name="Vers3.UnitTests.StudyUnitTests.CheckPrerequisitesCorrect_TestWithNullList_Exception" executed="True" result="Success" success="True" time="0.000" asserts="0" />
                  <test-case name="Vers3.UnitTests.StudyUnitTests.CheckPrerequisitesCorrect_TwoOrMorePrerequisiteSatisfied_NoException" executed="True" result="Success" success="True" time="0.000" asserts="0" />
                  <test-case name="Vers3.UnitTests.StudyUnitTests.Equals_TestWithDifferentObjectType" executed="True" result="Success" success="True" time="0.008" asserts="3" />
                  <test-suite type="ParameterizedTest" name="Equals_TestWithSameObjectType" executed="True" result="Success" success="True" time="0.005" asserts="0">
                    <results>
                      <test-case name="Vers3.UnitTests.StudyUnitTests.Equals_TestWithSameObjectType(&quot;UECS8887&quot;,&quot;something else&quot;,10,compulsory,50,False)" executed="True" result="Success" success="True" time="0.000" asserts="1" />
                      <test-case name="Vers3.UnitTests.StudyUnitTests.Equals_TestWithSameObjectType(&quot;uECS8888&quot;,&quot;lucky subject&quot;,10,major,50,False)" executed="True" result="Success" success="True" time="0.000" asserts="1" />
                      <test-case name="Vers3.UnitTests.StudyUnitTests.Equals_TestWithSameObjectType(&quot;UECS8888&quot;,&quot;bad subject&quot;,15,elective,20,True)" executed="True" result="Success" success="True" time="0.000" asserts="1" />
                    </results>
                  </test-suite>
                </results>
              </test-suite>
              <test-suite type="TestFixture" name="UndergradUnitTests" executed="True" result="Success" success="True" time="0.006" asserts="0">
                <results>
                  <test-case name="Vers3.UnitTests.UndergradUnitTests.CheckValidCreditHour_CreditHrsAtBoundary_NoException" executed="True" result="Success" success="True" time="0.001" asserts="0" />
                  <test-case name="Vers3.UnitTests.UndergradUnitTests.CheckValidCreditHour_CreditHrsWithinRange_NoException" executed="True" result="Success" success="True" time="0.000" asserts="0" />
                  <test-case name="Vers3.UnitTests.UndergradUnitTests.CheckValidCreditHour_InvalidCreditHrs_Exception" executed="True" result="Success" success="True" time="0.001" asserts="0" />
                  <test-case name="Vers3.UnitTests.UndergradUnitTests.CheckValidCreditHour_TestNull_Exception" executed="True" result="Success" success="True" time="0.000" asserts="0" />
                </results>
              </test-suite>
              <test-suite type="TestFixture" name="UnitGradeTests" executed="True" result="Success" success="True" time="0.015" asserts="0">
                <results>
                  <test-case name="Vers3.UnitTests.UnitGradeTests.CalculateGrade_UseDefaultValues_NoException" executed="True" result="Success" success="True" time="0.003" asserts="32" />
                  <test-case name="Vers3.UnitTests.UnitGradeTests.CalculateGrade_UseUserDefinedValues_NoException" executed="True" result="Success" success="True" time="0.001" asserts="14" />
                  <test-case name="Vers3.UnitTests.UnitGradeTests.Equals_TestWithDifferentObjectType" executed="True" result="Success" success="True" time="0.000" asserts="3" />
                  <test-suite type="ParameterizedTest" name="Equals_TestWithSameObjectType" executed="True" result="Success" success="True" time="0.002" asserts="0">
                    <results>
                      <test-case name="Vers3.UnitTests.UnitGradeTests.Equals_TestWithSameObjectType(&quot;uECS8888&quot;,&quot;lucky subject&quot;,10,False)" executed="True" result="Success" success="True" time="0.000" asserts="1" />
                      <test-case name="Vers3.UnitTests.UnitGradeTests.Equals_TestWithSameObjectType(&quot;UECS8888&quot;,&quot;bad subject&quot;,20,True)" executed="True" result="Success" success="True" time="0.000" asserts="1" />
                    </results>
                  </test-suite>
                  <test-case name="Vers3.UnitTests.UnitGradeTests.UnitGrade_MarkInvalidValue_Exception" executed="True" result="Success" success="True" time="0.001" asserts="0" />
                  <test-case name="Vers3.UnitTests.UnitGradeTests.UnitGrade_UnitCodeInvalidValue_Exception" executed="True" result="Success" success="True" time="0.000" asserts="0" />
                </results>
              </test-suite>
            </results>
          </test-suite>
        </results>
      </test-suite>
    </results>
  </test-suite>
</test-results>